2022-10-06 00:09:22.310 [main] INFO  com.inetbanking.testcases.BaseClass - Website URL is opened successfully..
2022-10-06 00:09:25.596 [main] INFO  com.inetbanking.testcases.BaseClass - Entered Username..
2022-10-06 00:09:25.699 [main] INFO  com.inetbanking.testcases.BaseClass - Entered Password..
2022-10-06 00:09:28.666 [main] INFO  com.inetbanking.testcases.BaseClass - Login test - TC_loginTest_001 Passed
2022-10-06 00:16:31.785 [main] INFO  com.inetbanking.testcases.BaseClass - Website URL is opened successfully..
2022-10-06 00:16:32.143 [main] INFO  com.inetbanking.testcases.BaseClass - Entered Username..
2022-10-06 00:16:32.638 [main] INFO  com.inetbanking.testcases.BaseClass - Entered Password..
2022-10-06 00:16:33.589 [main] INFO  com.inetbanking.testcases.BaseClass - Login test - TC_loginTest_001 Passed
2022-10-06 13:19:08.929 [main] INFO  com.inetbanking.testcases.BaseClass - Website URL is opened successfully..
2022-10-06 13:19:09.710 [main] INFO  com.inetbanking.testcases.BaseClass - Entered Username..
2022-10-06 13:19:10.053 [main] INFO  com.inetbanking.testcases.BaseClass - Entered Password..
2022-10-06 13:19:12.538 [main] INFO  com.inetbanking.testcases.BaseClass - Login test - TC_loginTest_001 Passed
2022-10-06 13:21:10.203 [main] INFO  com.inetbanking.testcases.BaseClass - Website URL is opened successfully..
2022-10-06 13:21:10.418 [main] INFO  com.inetbanking.testcases.BaseClass - Entered Username..
2022-10-06 13:21:10.654 [main] INFO  com.inetbanking.testcases.BaseClass - Entered Password..
2022-10-06 13:23:55.710 [main] INFO  com.inetbanking.testcases.BaseClass - Website URL is opened successfully..
2022-10-06 13:23:55.942 [main] INFO  com.inetbanking.testcases.BaseClass - Entered Username..
2022-10-06 13:23:56.128 [main] INFO  com.inetbanking.testcases.BaseClass - Entered Password..
2022-10-06 13:26:44.911 [main] INFO  com.inetbanking.testcases.BaseClass - Website URL is opened successfully..
2022-10-06 13:26:45.148 [main] INFO  com.inetbanking.testcases.BaseClass - Entered Username..
2022-10-06 13:26:45.466 [main] INFO  com.inetbanking.testcases.BaseClass - Entered Password..
2022-10-06 13:30:15.172 [main] INFO  com.inetbanking.testcases.BaseClass - Website URL is opened successfully..
2022-10-06 13:30:15.395 [main] INFO  com.inetbanking.testcases.BaseClass - Entered Username..
2022-10-06 13:30:16.226 [main] INFO  com.inetbanking.testcases.BaseClass - Entered Password..
2022-10-06 13:34:22.915 [main] INFO  com.inetbanking.testcases.BaseClass - Website URL is opened successfully..
2022-10-06 13:34:23.150 [main] INFO  com.inetbanking.testcases.BaseClass - Entered Username..
2022-10-06 13:34:24.193 [main] INFO  com.inetbanking.testcases.BaseClass - Entered Password..
2022-10-06 13:37:12.950 [main] INFO  com.inetbanking.testcases.BaseClass - Website URL is opened successfully..
2022-10-06 13:37:13.171 [main] INFO  com.inetbanking.testcases.BaseClass - Entered Username..
2022-10-06 13:37:14.289 [main] INFO  com.inetbanking.testcases.BaseClass - Entered Password..
2022-10-06 13:46:49.878 [main] INFO  com.inetbanking.testcases.BaseClass - Website URL is opened successfully..
2022-10-06 13:46:50.087 [main] INFO  com.inetbanking.testcases.BaseClass - Entered Username..
2022-10-06 13:46:50.741 [main] INFO  com.inetbanking.testcases.BaseClass - Entered Password..
2022-10-06 14:03:46.087 [main] INFO  com.inetbanking.testcases.BaseClass - Website URL is opened successfully..
2022-10-06 14:03:49.615 [main] INFO  com.inetbanking.testcases.BaseClass - Entered Username..
2022-10-06 14:03:49.766 [main] INFO  com.inetbanking.testcases.BaseClass - Entered Password..
2022-10-06 14:10:54.878 [main] INFO  com.inetbanking.testcases.BaseClass - Website URL is opened successfully..
2022-10-06 14:10:55.095 [main] INFO  com.inetbanking.testcases.BaseClass - Entered Username..
2022-10-06 14:10:55.305 [main] INFO  com.inetbanking.testcases.BaseClass - Entered Password..
2022-10-06 14:25:57.254 [main] INFO  com.inetbanking.testcases.BaseClass - Website URL is opened successfully..
2022-10-06 14:25:58.933 [main] INFO  com.inetbanking.testcases.BaseClass - Entered Username..
2022-10-06 14:25:59.041 [main] INFO  com.inetbanking.testcases.BaseClass - Entered Password..
2022-10-06 17:44:47.729 [main] INFO  com.inetbanking.testcases.BaseClass - Username is provided
2022-10-06 17:44:47.921 [main] INFO  com.inetbanking.testcases.BaseClass - Username is provided
2022-10-06 17:44:48.054 [main] INFO  com.inetbanking.testcases.BaseClass - Username is provided
2022-10-06 17:44:48.146 [main] INFO  com.inetbanking.testcases.BaseClass - Username is provided
2022-10-06 17:44:48.261 [main] INFO  com.inetbanking.testcases.BaseClass - Username is provided
2022-10-06 17:55:52.598 [main] INFO  com.inetbanking.testcases.BaseClass - Username is provided
2022-10-06 17:55:52.684 [main] INFO  com.inetbanking.testcases.BaseClass - Username is provided
2022-10-06 17:55:52.777 [main] INFO  com.inetbanking.testcases.BaseClass - Username is provided
2022-10-06 17:55:52.891 [main] INFO  com.inetbanking.testcases.BaseClass - Username is provided
2022-10-06 17:55:52.951 [main] INFO  com.inetbanking.testcases.BaseClass - Username is provided
2022-10-06 18:01:03.511 [main] INFO  com.inetbanking.testcases.BaseClass - Username is provided
2022-10-06 18:01:03.611 [main] INFO  com.inetbanking.testcases.BaseClass - Password is provided
2022-10-06 18:01:08.477 [main] INFO  com.inetbanking.testcases.BaseClass - Login Passed
2022-10-06 18:01:13.664 [main] INFO  com.inetbanking.testcases.BaseClass - Username is provided
2022-10-06 18:01:13.772 [main] INFO  com.inetbanking.testcases.BaseClass - Password is provided
2022-10-06 18:01:21.742 [main] INFO  com.inetbanking.testcases.BaseClass - Username is provided
2022-10-06 18:01:21.860 [main] INFO  com.inetbanking.testcases.BaseClass - Password is provided
2022-10-06 18:01:27.594 [main] INFO  com.inetbanking.testcases.BaseClass - Username is provided
2022-10-06 18:01:27.697 [main] INFO  com.inetbanking.testcases.BaseClass - Password is provided
2022-10-06 18:01:33.311 [main] INFO  com.inetbanking.testcases.BaseClass - Login Passed
2022-10-06 18:01:38.628 [main] INFO  com.inetbanking.testcases.BaseClass - Username is provided
2022-10-06 18:01:38.729 [main] INFO  com.inetbanking.testcases.BaseClass - Password is provided
2022-10-06 23:42:24.646 [main] INFO  com.inetbanking.testcases.BaseClass - Username provided
2022-10-06 23:42:24.771 [main] INFO  com.inetbanking.testcases.BaseClass - Password provided
2022-10-06 23:42:29.036 [main] INFO  com.inetbanking.testcases.BaseClass - Providing customer details
2022-10-06 23:47:42.118 [main] INFO  com.inetbanking.testcases.BaseClass - Username provided
2022-10-06 23:47:42.272 [main] INFO  com.inetbanking.testcases.BaseClass - Password provided
2022-10-06 23:47:46.683 [main] INFO  com.inetbanking.testcases.BaseClass - Providing customer details
2022-10-06 23:49:29.720 [main] INFO  com.inetbanking.testcases.BaseClass - Username provided
2022-10-06 23:49:30.692 [main] INFO  com.inetbanking.testcases.BaseClass - Password provided
2022-10-06 23:49:37.891 [main] INFO  com.inetbanking.testcases.BaseClass - Providing customer details
2022-10-06 23:50:44.046 [main] INFO  com.inetbanking.testcases.BaseClass - Username provided
2022-10-06 23:50:45.136 [main] INFO  com.inetbanking.testcases.BaseClass - Password provided
2022-10-06 23:50:52.257 [main] INFO  com.inetbanking.testcases.BaseClass - Providing customer details
2022-10-06 23:55:41.560 [main] INFO  com.inetbanking.testcases.BaseClass - Username provided
2022-10-06 23:55:41.702 [main] INFO  com.inetbanking.testcases.BaseClass - Password provided
2022-10-06 23:55:49.507 [main] INFO  com.inetbanking.testcases.BaseClass - Providing customer details
2022-10-06 23:58:46.107 [main] INFO  com.inetbanking.testcases.BaseClass - Username provided
2022-10-06 23:58:46.219 [main] INFO  com.inetbanking.testcases.BaseClass - Password provided
2022-10-06 23:58:54.976 [main] INFO  com.inetbanking.testcases.BaseClass - Providing customer details
2022-10-06 23:59:02.291 [main] INFO  com.inetbanking.testcases.BaseClass - Validation Started
2022-10-07 00:00:08.196 [main] INFO  com.inetbanking.testcases.BaseClass - Username provided
2022-10-07 00:00:09.205 [main] INFO  com.inetbanking.testcases.BaseClass - Password provided
2022-10-07 00:00:17.928 [main] INFO  com.inetbanking.testcases.BaseClass - Providing customer details
2022-10-07 00:00:25.269 [main] INFO  com.inetbanking.testcases.BaseClass - Validation Started
